#-----------------------------------------------------------
# Vivado v2018.2 (64-bit)
# SW Build 2258646 on Thu Jun 14 20:03:12 MDT 2018
# IP Build 2256618 on Thu Jun 14 22:10:49 MDT 2018
# Start of session at: Sun Mar 31 15:44:30 2024
# Process ID: 14312
# Current directory: C:/ECE281/ece281-lab3
# Command line: vivado.exe -gui_launcher_event rodinguilauncherevent11768 C:\ECE281\ece281-lab3\thunderbird.xpr
# Log file: C:/ECE281/ece281-lab3/vivado.log
# Journal file: C:/ECE281/ece281-lab3\vivado.jou
#-----------------------------------------------------------
start_gui
open_project C:/ECE281/ece281-lab3/thunderbird.xpr
Scanning sources...
Finished scanning sources
INFO: [IP_Flow 19-234] Refreshing IP repositories
INFO: [IP_Flow 19-1704] No user IP repositories specified
INFO: [IP_Flow 19-2313] Loaded Vivado IP repository 'C:/Xilinx/Vivado/2018.2/data/ip'.
open_project: Time (s): cpu = 00:00:24 ; elapsed = 00:00:27 . Memory (MB): peak = 780.770 ; gain = 26.906
update_compile_order -fileset sources_1
reset_run synth_1
launch_runs impl_1 -jobs 4
[Sun Mar 31 18:18:30 2024] Launched synth_1...
Run output will be captured here: C:/ECE281/ece281-lab3/thunderbird.runs/synth_1/runme.log
[Sun Mar 31 18:18:30 2024] Launched impl_1...
Run output will be captured here: C:/ECE281/ece281-lab3/thunderbird.runs/impl_1/runme.log
open_run impl_1
INFO: [Netlist 29-17] Analyzing 13 Unisim elements for replacement
INFO: [Netlist 29-28] Unisim Transformation completed in 0 CPU seconds
INFO: [Project 1-479] Netlist was created with Vivado 2018.2
INFO: [Device 21-403] Loading part xc7a35tcpg236-1
INFO: [Project 1-570] Preparing netlist for logic optimization
INFO: [Timing 38-478] Restoring timing data from binary archive.
INFO: [Timing 38-479] Binary timing data restore complete.
INFO: [Project 1-856] Restoring constraints from binary archive.
INFO: [Project 1-853] Binary constraint restore complete.
Reading XDEF placement.
Reading placer database...
Reading XDEF routing.
Read XDEF File: Time (s): cpu = 00:00:00 ; elapsed = 00:00:00.050 . Memory (MB): peak = 1648.402 ; gain = 0.000
Restored from archive | CPU: 0.000000 secs | Memory: 0.000000 MB |
Finished XDEF File Restore: Time (s): cpu = 00:00:00 ; elapsed = 00:00:00.050 . Memory (MB): peak = 1648.402 ; gain = 0.000
INFO: [Project 1-111] Unisim Transformation Summary:
No Unisim elements were transformed.

open_run: Time (s): cpu = 00:00:32 ; elapsed = 00:00:33 . Memory (MB): peak = 1713.129 ; gain = 869.164
